INFO:     Started server process [63283]
INFO:     Waiting for application startup.
INFO:     Application startup complete.
INFO:     Uvicorn running on http://0.0.0.0:8000 (Press CTRL+C to quit)
INFO:     127.0.0.1:40912 - "GET /health HTTP/1.1" 200 OK
INFO:     127.0.0.1:40928 - "GET /tasks?category=test HTTP/1.1" 500 Internal Server Error
ERROR:    Exception in ASGI application
Traceback (most recent call last):
  File "/home/twc/.local/lib/python3.14/site-packages/sqlalchemy/engine/base.py", line 1967, in _exec_single_context
    self.dialect.do_execute(
    ~~~~~~~~~~~~~~~~~~~~~~~^
        cursor, str_statement, effective_parameters, context
        ^^^^^^^^^^^^^^^^^^^^^^^^^^^^^^^^^^^^^^^^^^^^^^^^^^^^
    )
    ^
  File "/home/twc/.local/lib/python3.14/site-packages/sqlalchemy/engine/default.py", line 952, in do_execute
    cursor.execute(statement, parameters)
    ~~~~~~~~~~~~~~^^^^^^^^^^^^^^^^^^^^^^^
psycopg2.errors.UndefinedColumn: column tasks.category does not exist
LINE 1: ...eted, tasks.is_experiment AS tasks_is_experiment, tasks.cate...
                                                             ^


The above exception was the direct cause of the following exception:

Traceback (most recent call last):
  File "/home/twc/.local/lib/python3.14/site-packages/uvicorn/protocols/http/h11_impl.py", line 410, in run_asgi
    result = await app(  # type: ignore[func-returns-value]
             ^^^^^^^^^^^^^^^^^^^^^^^^^^^^^^^^^^^^^^^^^^^^^^
        self.scope, self.receive, self.send
        ^^^^^^^^^^^^^^^^^^^^^^^^^^^^^^^^^^^
    )
    ^
  File "/home/twc/.local/lib/python3.14/site-packages/uvicorn/middleware/proxy_headers.py", line 60, in __call__
    return await self.app(scope, receive, send)
           ^^^^^^^^^^^^^^^^^^^^^^^^^^^^^^^^^^^^
  File "/home/twc/.local/lib/python3.14/site-packages/fastapi/applications.py", line 1135, in __call__
    await super().__call__(scope, receive, send)
  File "/home/twc/.local/lib/python3.14/site-packages/starlette/applications.py", line 107, in __call__
    await self.middleware_stack(scope, receive, send)
  File "/home/twc/.local/lib/python3.14/site-packages/starlette/middleware/errors.py", line 186, in __call__
    raise exc
  File "/home/twc/.local/lib/python3.14/site-packages/starlette/middleware/errors.py", line 164, in __call__
    await self.app(scope, receive, _send)
  File "/home/twc/.local/lib/python3.14/site-packages/starlette/middleware/exceptions.py", line 63, in __call__
    await wrap_app_handling_exceptions(self.app, conn)(scope, receive, send)
  File "/home/twc/.local/lib/python3.14/site-packages/starlette/_exception_handler.py", line 53, in wrapped_app
    raise exc
  File "/home/twc/.local/lib/python3.14/site-packages/starlette/_exception_handler.py", line 42, in wrapped_app
    await app(scope, receive, sender)
  File "/home/twc/.local/lib/python3.14/site-packages/fastapi/middleware/asyncexitstack.py", line 18, in __call__
    await self.app(scope, receive, send)
  File "/home/twc/.local/lib/python3.14/site-packages/starlette/routing.py", line 716, in __call__
    await self.middleware_stack(scope, receive, send)
  File "/home/twc/.local/lib/python3.14/site-packages/starlette/routing.py", line 736, in app
    await route.handle(scope, receive, send)
  File "/home/twc/.local/lib/python3.14/site-packages/starlette/routing.py", line 290, in handle
    await self.app(scope, receive, send)
  File "/home/twc/.local/lib/python3.14/site-packages/fastapi/routing.py", line 115, in app
    await wrap_app_handling_exceptions(app, request)(scope, receive, send)
  File "/home/twc/.local/lib/python3.14/site-packages/starlette/_exception_handler.py", line 53, in wrapped_app
    raise exc
  File "/home/twc/.local/lib/python3.14/site-packages/starlette/_exception_handler.py", line 42, in wrapped_app
    await app(scope, receive, sender)
  File "/home/twc/.local/lib/python3.14/site-packages/fastapi/routing.py", line 101, in app
    response = await f(request)
               ^^^^^^^^^^^^^^^^
  File "/home/twc/.local/lib/python3.14/site-packages/fastapi/routing.py", line 355, in app
    raw_response = await run_endpoint_function(
                   ^^^^^^^^^^^^^^^^^^^^^^^^^^^^
    ...<3 lines>...
    )
    ^
  File "/home/twc/.local/lib/python3.14/site-packages/fastapi/routing.py", line 245, in run_endpoint_function
    return await run_in_threadpool(dependant.call, **values)
           ^^^^^^^^^^^^^^^^^^^^^^^^^^^^^^^^^^^^^^^^^^^^^^^^^
  File "/home/twc/.local/lib/python3.14/site-packages/starlette/concurrency.py", line 32, in run_in_threadpool
    return await anyio.to_thread.run_sync(func)
           ^^^^^^^^^^^^^^^^^^^^^^^^^^^^^^^^^^^^
  File "/home/twc/.local/lib/python3.14/site-packages/anyio/to_thread.py", line 63, in run_sync
    return await get_async_backend().run_sync_in_worker_thread(
           ^^^^^^^^^^^^^^^^^^^^^^^^^^^^^^^^^^^^^^^^^^^^^^^^^^^^
        func, args, abandon_on_cancel=abandon_on_cancel, limiter=limiter
        ^^^^^^^^^^^^^^^^^^^^^^^^^^^^^^^^^^^^^^^^^^^^^^^^^^^^^^^^^^^^^^^^
    )
    ^
  File "/home/twc/.local/lib/python3.14/site-packages/anyio/_backends/_asyncio.py", line 2502, in run_sync_in_worker_thread
    return await future
           ^^^^^^^^^^^^
  File "/home/twc/.local/lib/python3.14/site-packages/anyio/_backends/_asyncio.py", line 986, in run
    result = context.run(func, *args)
  File "/home/twc/.openclaw/workspace/moltapedia/main.py", line 595, in list_tasks
    return query.all()
           ~~~~~~~~~^^
  File "/home/twc/.local/lib/python3.14/site-packages/sqlalchemy/orm/query.py", line 2704, in all
    return self._iter().all()  # type: ignore
           ~~~~~~~~~~^^
  File "/home/twc/.local/lib/python3.14/site-packages/sqlalchemy/orm/query.py", line 2857, in _iter
    result: Union[ScalarResult[_T], Result[_T]] = self.session.execute(
                                                  ~~~~~~~~~~~~~~~~~~~~^
        statement,
        ^^^^^^^^^^
        params,
        ^^^^^^^
        execution_options={"_sa_orm_load_options": self.load_options},
        ^^^^^^^^^^^^^^^^^^^^^^^^^^^^^^^^^^^^^^^^^^^^^^^^^^^^^^^^^^^^^^
    )
    ^
  File "/home/twc/.local/lib/python3.14/site-packages/sqlalchemy/orm/session.py", line 2351, in execute
    return self._execute_internal(
           ~~~~~~~~~~~~~~~~~~~~~~^
        statement,
        ^^^^^^^^^^
    ...<4 lines>...
        _add_event=_add_event,
        ^^^^^^^^^^^^^^^^^^^^^^
    )
    ^
  File "/home/twc/.local/lib/python3.14/site-packages/sqlalchemy/orm/session.py", line 2249, in _execute_internal
    result: Result[Any] = compile_state_cls.orm_execute_statement(
                          ~~~~~~~~~~~~~~~~~~~~~~~~~~~~~~~~~~~~~~~^
        self,
        ^^^^^
    ...<4 lines>...
        conn,
        ^^^^^
    )
    ^
  File "/home/twc/.local/lib/python3.14/site-packages/sqlalchemy/orm/context.py", line 306, in orm_execute_statement
    result = conn.execute(
        statement, params or {}, execution_options=execution_options
    )
  File "/home/twc/.local/lib/python3.14/site-packages/sqlalchemy/engine/base.py", line 1419, in execute
    return meth(
        self,
        distilled_parameters,
        execution_options or NO_OPTIONS,
    )
  File "/home/twc/.local/lib/python3.14/site-packages/sqlalchemy/sql/elements.py", line 527, in _execute_on_connection
    return connection._execute_clauseelement(
           ~~~~~~~~~~~~~~~~~~~~~~~~~~~~~~~~~^
        self, distilled_params, execution_options
        ^^^^^^^^^^^^^^^^^^^^^^^^^^^^^^^^^^^^^^^^^
    )
    ^
  File "/home/twc/.local/lib/python3.14/site-packages/sqlalchemy/engine/base.py", line 1641, in _execute_clauseelement
    ret = self._execute_context(
        dialect,
    ...<8 lines>...
        cache_hit=cache_hit,
    )
  File "/home/twc/.local/lib/python3.14/site-packages/sqlalchemy/engine/base.py", line 1846, in _execute_context
    return self._exec_single_context(
           ~~~~~~~~~~~~~~~~~~~~~~~~~^
        dialect, context, statement, parameters
        ^^^^^^^^^^^^^^^^^^^^^^^^^^^^^^^^^^^^^^^
    )
    ^
  File "/home/twc/.local/lib/python3.14/site-packages/sqlalchemy/engine/base.py", line 1986, in _exec_single_context
    self._handle_dbapi_exception(
    ~~~~~~~~~~~~~~~~~~~~~~~~~~~~^
        e, str_statement, effective_parameters, cursor, context
        ^^^^^^^^^^^^^^^^^^^^^^^^^^^^^^^^^^^^^^^^^^^^^^^^^^^^^^^
    )
    ^
  File "/home/twc/.local/lib/python3.14/site-packages/sqlalchemy/engine/base.py", line 2363, in _handle_dbapi_exception
    raise sqlalchemy_exception.with_traceback(exc_info[2]) from e
  File "/home/twc/.local/lib/python3.14/site-packages/sqlalchemy/engine/base.py", line 1967, in _exec_single_context
    self.dialect.do_execute(
    ~~~~~~~~~~~~~~~~~~~~~~~^
        cursor, str_statement, effective_parameters, context
        ^^^^^^^^^^^^^^^^^^^^^^^^^^^^^^^^^^^^^^^^^^^^^^^^^^^^
    )
    ^
  File "/home/twc/.local/lib/python3.14/site-packages/sqlalchemy/engine/default.py", line 952, in do_execute
    cursor.execute(statement, parameters)
    ~~~~~~~~~~~~~~^^^^^^^^^^^^^^^^^^^^^^^
sqlalchemy.exc.ProgrammingError: (psycopg2.errors.UndefinedColumn) column tasks.category does not exist
LINE 1: ...eted, tasks.is_experiment AS tasks_is_experiment, tasks.cate...
                                                             ^

[SQL: SELECT tasks.id AS tasks_id, tasks.version AS tasks_version, tasks.text AS tasks_text, tasks.status AS tasks_status, tasks.priority AS tasks_priority, tasks.claimed_by AS tasks_claimed_by, tasks.completed AS tasks_completed, tasks.is_experiment AS tasks_is_experiment, tasks.category AS tasks_category, tasks.total_weight AS tasks_total_weight, tasks.created_at AS tasks_created_at 
FROM tasks 
WHERE tasks.category = %(category_1)s]
[parameters: {'category_1': 'test'}]
(Background on this error at: https://sqlalche.me/e/20/f405)
INFO:     127.0.0.1:38744 - "GET /tasks?category=test HTTP/1.1" 200 OK
INFO:     127.0.0.1:57814 - "GET /tasks HTTP/1.1" 200 OK
INFO:     127.0.0.1:49930 - "POST /tasks HTTP/1.1" 200 OK
INFO:     127.0.0.1:55508 - "GET /tasks HTTP/1.1" 200 OK
INFO:     127.0.0.1:49176 - "POST /tasks/79443fa4/submit HTTP/1.1" 200 OK
INFO:     127.0.0.1:47692 - "GET /governance/status HTTP/1.1" 200 OK
INFO:     127.0.0.1:49318 - "GET /health HTTP/1.1" 200 OK
INFO:     127.0.0.1:49328 - "GET /governance/status HTTP/1.1" 200 OK
INFO:     127.0.0.1:49338 - "GET /tasks HTTP/1.1" 200 OK
INFO:     127.0.0.1:48558 - "GET /health HTTP/1.1" 200 OK
INFO:     127.0.0.1:48564 - "GET /governance/status HTTP/1.1" 200 OK
INFO:     127.0.0.1:60978 - "GET /health HTTP/1.1" 200 OK
INFO:     127.0.0.1:60986 - "GET /governance/status HTTP/1.1" 200 OK
INFO:     127.0.0.1:60996 - "GET /tasks HTTP/1.1" 200 OK
INFO:     127.0.0.1:53736 - "GET /health HTTP/1.1" 200 OK
INFO:     127.0.0.1:53746 - "GET /governance/status HTTP/1.1" 200 OK
INFO:     127.0.0.1:37420 - "GET /health HTTP/1.1" 200 OK
INFO:     127.0.0.1:59868 - "GET /health HTTP/1.1" 200 OK
INFO:     127.0.0.1:59880 - "GET /tasks HTTP/1.1" 200 OK
INFO:     127.0.0.1:51668 - "GET /health HTTP/1.1" 200 OK
INFO:     127.0.0.1:51676 - "GET /governance/status HTTP/1.1" 200 OK
INFO:     127.0.0.1:51680 - "GET /tasks HTTP/1.1" 200 OK
INFO:     127.0.0.1:51982 - "GET /health HTTP/1.1" 200 OK
INFO:     127.0.0.1:42042 - "GET /health HTTP/1.1" 200 OK
INFO:     127.0.0.1:56540 - "GET /health HTTP/1.1" 200 OK
INFO:     Shutting down
INFO:     Waiting for application shutdown.
INFO:     Application shutdown complete.
INFO:     Finished server process [63283]
